<?xml version="1.0" encoding="UTF-8"?>
<testsuite xmlns:xsi="http://www.w3.org/2001/XMLSchema-instance" xsi:noNamespaceSchemaLocation="https://maven.apache.org/surefire/maven-surefire-plugin/xsd/surefire-test-report-3.0.xsd" version="3.0" name="com.ajith.dailyJobs.DailyJobsApplicationTests" time="11.399" tests="1" errors="0" skipped="0" failures="0">
  <properties>
[...]
</properties>
  <testcase name="contextLoads" classname="com.ajith.dailyJobs.DailyJobsApplicationTests" time="0.701">
    <system-out><![CDATA[19:39:47.189 [main] INFO org.springframework.test.context.support.AnnotationConfigContextLoaderUtils -- Could not detect default configuration classes for test class [com.ajith.dailyJobs.DailyJobsApplicationTests]: DailyJobsApplicationTests does not declare any static, non-private, non-final, nested classes annotated with @Configuration.
19:39:47.376 [main] INFO org.springframework.boot.test.context.SpringBootTestContextBootstrapper -- Found @SpringBootConfiguration com.ajith.dailyJobs.DailyJobsApplication for test class com.ajith.dailyJobs.DailyJobsApplicationTests

  .   ____          _            __ _ _
 /\\ / ___'_ __ _ _(_)_ __  __ _ \ \ \ \
( ( )\___ | '_ | '_| | '_ \/ _` | \ \ \ \
 \\/  ___)| |_)| | | | | || (_| |  ) ) ) )
  '  |____| .__|_| |_|_| |_\__, | / / / /
 =========|_|==============|___/=/_/_/_/
 :: Spring Boot ::                (v3.1.6)

2024-01-28T19:39:48.049+05:30  INFO 24640 --- [           main] c.a.dailyJobs.DailyJobsApplicationTests  : Starting DailyJobsApplicationTests using Java 20.0.1 with PID 24640 (started by Hp in C:\Users\Hp\Downloads\dailyJobs (1)\dailyJobs)
2024-01-28T19:39:48.052+05:30  INFO 24640 --- [           main] c.a.dailyJobs.DailyJobsApplicationTests  : No active profile set, falling back to 1 default profile: "default"
2024-01-28T19:39:49.278+05:30  INFO 24640 --- [           main] .s.d.r.c.RepositoryConfigurationDelegate : Bootstrapping Spring Data JPA repositories in DEFAULT mode.
2024-01-28T19:39:49.414+05:30  INFO 24640 --- [           main] .s.d.r.c.RepositoryConfigurationDelegate : Finished Spring Data repository scanning in 119 ms. Found 6 JPA repository interfaces.
2024-01-28T19:39:50.243+05:30  INFO 24640 --- [           main] o.hibernate.jpa.internal.util.LogHelper  : HHH000204: Processing PersistenceUnitInfo [name: default]
2024-01-28T19:39:50.358+05:30  INFO 24640 --- [           main] org.hibernate.Version                    : HHH000412: Hibernate ORM core version 6.2.13.Final
2024-01-28T19:39:50.362+05:30  INFO 24640 --- [           main] org.hibernate.cfg.Environment            : HHH000406: Using bytecode reflection optimizer
2024-01-28T19:39:51.019+05:30  INFO 24640 --- [           main] o.s.o.j.p.SpringPersistenceUnitInfo      : No LoadTimeWeaver setup: ignoring JPA class transformer
2024-01-28T19:39:51.063+05:30  INFO 24640 --- [           main] com.zaxxer.hikari.HikariDataSource       : HikariPool-1 - Starting...
2024-01-28T19:39:51.664+05:30  INFO 24640 --- [           main] com.zaxxer.hikari.pool.HikariPool        : HikariPool-1 - Added connection com.mysql.cj.jdbc.ConnectionImpl@2fa212df
2024-01-28T19:39:51.667+05:30  INFO 24640 --- [           main] com.zaxxer.hikari.HikariDataSource       : HikariPool-1 - Start completed.
2024-01-28T19:39:53.320+05:30  INFO 24640 --- [           main] o.h.e.t.j.p.i.JtaPlatformInitiator       : HHH000489: No JTA platform available (set 'hibernate.transaction.jta.platform' to enable JTA platform integration)
2024-01-28T19:39:53.481+05:30  INFO 24640 --- [           main] j.LocalContainerEntityManagerFactoryBean : Initialized JPA EntityManagerFactory for persistence unit 'default'
2024-01-28T19:39:54.060+05:30  INFO 24640 --- [           main] o.s.d.j.r.query.QueryEnhancerFactory     : Hibernate is in classpath; If applicable, HQL parser will be used.
2024-01-28T19:39:55.059+05:30  WARN 24640 --- [           main] JpaBaseConfiguration$JpaWebConfiguration : spring.jpa.open-in-view is enabled by default. Therefore, database queries may be performed during view rendering. Explicitly configure spring.jpa.open-in-view to disable this warning
2024-01-28T19:39:55.254+05:30  INFO 24640 --- [           main] o.s.s.web.DefaultSecurityFilterChain     : Will secure any request with [org.springframework.security.web.session.DisableEncodeUrlFilter@6e7d874c, org.springframework.security.web.context.request.async.WebAsyncManagerIntegrationFilter@7d6f31ef, org.springframework.security.web.context.SecurityContextHolderFilter@4702faee, org.springframework.security.web.header.HeaderWriterFilter@411bed55, org.springframework.security.web.authentication.logout.LogoutFilter@42d8b670, com.ajith.dailyJobs.config.JwtAuthenticationFilter@5c519da4, org.springframework.security.web.savedrequest.RequestCacheAwareFilter@3609b8f2, org.springframework.security.web.servletapi.SecurityContextHolderAwareRequestFilter@747fb4b1, org.springframework.security.web.authentication.AnonymousAuthenticationFilter@43051a8d, org.springframework.security.web.session.SessionManagementFilter@38950d4b, org.springframework.security.web.access.ExceptionTranslationFilter@7574d30b, org.springframework.security.web.access.intercept.AuthorizationFilter@2fd79ac6]
2024-01-28T19:39:57.324+05:30  WARN 24640 --- [           main] ion$DefaultTemplateResolverConfiguration : Cannot find template location: classpath:/templates/ (please add some templates, check your Thymeleaf configuration, or set spring.thymeleaf.check-template-location=false)
2024-01-28T19:39:57.562+05:30  INFO 24640 --- [           main] c.a.dailyJobs.DailyJobsApplicationTests  : Started DailyJobsApplicationTests in 9.961 seconds (process running for 11.379)
]]></system-out>
  </testcase>
</testsuite>